0 info it worked if it ends with ok
1 verbose cli [ 'c:\\Program Files (x86)\\nodejs\\node.exe',
1 verbose cli   'C:\\Users\\German\\AppData\\Roaming\\npm\\node_modules\\npm\\bin\\npm-cli.js',
1 verbose cli   'install',
1 verbose cli   'libxmljs@0.12.0' ]
2 info using npm@2.9.0
3 info using node@v4.4.2
4 verbose install initial load of c:\Projects\fermat-org\api-server\package.json
5 verbose installManyTop reading scoped package data from c:\Projects\fermat-org\api-server\node_modules\apidoc\package.json
6 verbose installManyTop reading scoped package data from c:\Projects\fermat-org\api-server\node_modules\async\package.json
7 verbose installManyTop reading scoped package data from c:\Projects\fermat-org\api-server\node_modules\body-parser\package.json
8 verbose installManyTop reading scoped package data from c:\Projects\fermat-org\api-server\node_modules\color\package.json
9 verbose installManyTop reading scoped package data from c:\Projects\fermat-org\api-server\node_modules\cookie-parser\package.json
10 verbose installManyTop reading scoped package data from c:\Projects\fermat-org\api-server\node_modules\cv2pdf\package.json
11 verbose installManyTop reading scoped package data from c:\Projects\fermat-org\api-server\node_modules\debug\package.json
12 verbose installManyTop reading scoped package data from c:\Projects\fermat-org\api-server\node_modules\express\package.json
13 verbose installManyTop reading scoped package data from c:\Projects\fermat-org\api-server\node_modules\faker\package.json
14 verbose installManyTop reading scoped package data from c:\Projects\fermat-org\api-server\node_modules\flightplan\package.json
15 verbose installManyTop reading scoped package data from c:\Projects\fermat-org\api-server\node_modules\fs\package.json
16 verbose installManyTop reading scoped package data from c:\Projects\fermat-org\api-server\node_modules\gulp\package.json
17 verbose installManyTop reading scoped package data from c:\Projects\fermat-org\api-server\node_modules\gulp-apidoc\package.json
18 verbose installManyTop reading scoped package data from c:\Projects\fermat-org\api-server\node_modules\gulp-ignore\package.json
19 verbose installManyTop reading scoped package data from c:\Projects\fermat-org\api-server\node_modules\gulp-jshint\package.json
20 verbose installManyTop reading scoped package data from c:\Projects\fermat-org\api-server\node_modules\gulp-jsonlint\package.json
21 verbose installManyTop reading scoped package data from c:\Projects\fermat-org\api-server\node_modules\gulp-jsvalidate\package.json
22 verbose installManyTop reading scoped package data from c:\Projects\fermat-org\api-server\node_modules\gulp-mocha\package.json
23 verbose installManyTop reading scoped package data from c:\Projects\fermat-org\api-server\node_modules\gulp-nodemon\package.json
24 verbose installManyTop reading scoped package data from c:\Projects\fermat-org\api-server\node_modules\gulp-rimraf\package.json
25 verbose installManyTop reading scoped package data from c:\Projects\fermat-org\api-server\node_modules\http-proxy\package.json
26 verbose installManyTop reading scoped package data from c:\Projects\fermat-org\api-server\node_modules\jade\package.json
27 verbose installManyTop reading scoped package data from c:\Projects\fermat-org\api-server\node_modules\jshint\package.json
28 verbose installManyTop reading scoped package data from c:\Projects\fermat-org\api-server\node_modules\jshint-stylish\package.json
29 verbose installManyTop reading scoped package data from c:\Projects\fermat-org\api-server\node_modules\markdown-pdf\package.json
30 verbose installManyTop reading scoped package data from c:\Projects\fermat-org\api-server\node_modules\mocha\package.json
31 verbose installManyTop reading scoped package data from c:\Projects\fermat-org\api-server\node_modules\mongodb\package.json
32 verbose installManyTop reading scoped package data from c:\Projects\fermat-org\api-server\node_modules\mongoose\package.json
33 verbose installManyTop reading scoped package data from c:\Projects\fermat-org\api-server\node_modules\morgan\package.json
34 verbose installManyTop reading scoped package data from c:\Projects\fermat-org\api-server\node_modules\ncp\package.json
35 verbose installManyTop reading scoped package data from c:\Projects\fermat-org\api-server\node_modules\nodemon\package.json
36 verbose installManyTop reading scoped package data from c:\Projects\fermat-org\api-server\node_modules\passport\package.json
37 verbose installManyTop reading scoped package data from c:\Projects\fermat-org\api-server\node_modules\passport-http-bearer\package.json
38 verbose installManyTop reading scoped package data from c:\Projects\fermat-org\api-server\node_modules\request\package.json
39 verbose installManyTop reading scoped package data from c:\Projects\fermat-org\api-server\node_modules\response-time\package.json
40 verbose installManyTop reading scoped package data from c:\Projects\fermat-org\api-server\node_modules\sanitizer\package.json
41 verbose installManyTop reading scoped package data from c:\Projects\fermat-org\api-server\node_modules\serve-favicon\package.json
42 verbose installManyTop reading scoped package data from c:\Projects\fermat-org\api-server\node_modules\shelljs\package.json
43 verbose installManyTop reading scoped package data from c:\Projects\fermat-org\api-server\node_modules\should\package.json
44 verbose installManyTop reading scoped package data from c:\Projects\fermat-org\api-server\node_modules\supertest\package.json
45 verbose installManyTop reading scoped package data from c:\Projects\fermat-org\api-server\node_modules\validator\package.json
46 verbose installManyTop reading scoped package data from c:\Projects\fermat-org\api-server\node_modules\winston\package.json
47 verbose installManyTop reading scoped package data from c:\Projects\fermat-org\api-server\node_modules\xml2js\package.json
48 warn package.json fs@0.0.2 fs is also the name of a node core module.
49 warn package.json fs@0.0.2 No description
50 warn package.json fs@0.0.2 No repository field.
51 warn package.json fs@0.0.2 No README data
52 warn package.json passport@0.3.2 No README data
53 verbose readDependencies loading dependencies from c:\Projects\fermat-org\api-server\package.json
54 silly cache add args [ 'libxmljs@0.12.0', null ]
55 verbose cache add spec libxmljs@0.12.0
56 silly cache add parsed spec Result {
56 silly cache add   raw: 'libxmljs@0.12.0',
56 silly cache add   scope: null,
56 silly cache add   name: 'libxmljs',
56 silly cache add   rawSpec: '0.12.0',
56 silly cache add   spec: '0.12.0',
56 silly cache add   type: 'version' }
57 silly addNamed libxmljs@0.12.0
58 verbose addNamed "0.12.0" is a plain semver version for libxmljs
59 silly mapToRegistry name libxmljs
60 silly mapToRegistry using default registry
61 silly mapToRegistry registry https://registry.npmjs.org/
62 silly mapToRegistry uri https://registry.npmjs.org/libxmljs
63 verbose addNameVersion registry:https://registry.npmjs.org/libxmljs not in flight; fetching
64 verbose request uri https://registry.npmjs.org/libxmljs
65 verbose request no auth needed
66 info attempt registry request try #1 at 09:35:26
67 verbose request id 0d62bbb8d1c449c6
68 verbose etag "9MDM08BYTFICSJO1KW8L6OFBQ"
69 http request GET https://registry.npmjs.org/libxmljs
70 http 304 https://registry.npmjs.org/libxmljs
71 silly get cb [ 304,
71 silly get   { date: 'Mon, 11 Apr 2016 14:20:12 GMT',
71 silly get     via: '1.1 varnish',
71 silly get     'cache-control': 'max-age=300',
71 silly get     etag: '"9MDM08BYTFICSJO1KW8L6OFBQ"',
71 silly get     age: '11',
71 silly get     connection: 'keep-alive',
71 silly get     'x-served-by': 'cache-atl6233-ATL',
71 silly get     'x-cache': 'HIT',
71 silly get     'x-cache-hits': '1',
71 silly get     'x-timer': 'S1460384412.120619,VS0,VE0',
71 silly get     vary: 'Accept-Encoding' } ]
72 verbose etag https://registry.npmjs.org/libxmljs from cache
73 verbose get saving libxmljs to C:\Users\German\AppData\Roaming\npm-cache\registry.npmjs.org\libxmljs\.cache.json
74 silly cache afterAdd libxmljs@0.12.0
75 verbose afterAdd C:\Users\German\AppData\Roaming\npm-cache\libxmljs\0.12.0\package\package.json not in flight; writing
76 verbose afterAdd C:\Users\German\AppData\Roaming\npm-cache\libxmljs\0.12.0\package\package.json written
77 silly install resolved [ { name: 'libxmljs',
77 silly install resolved     author: { name: 'Marco Rogers' },
77 silly install resolved     contributors: [ [Object] ],
77 silly install resolved     description: 'libxml bindings for v8 javascript engine',
77 silly install resolved     version: '0.12.0',
77 silly install resolved     scripts:
77 silly install resolved      { test: 'node --expose_gc ./node_modules/.bin/nodeunit test',
77 silly install resolved        install: 'node-gyp rebuild' },
77 silly install resolved     repository:
77 silly install resolved      { type: 'git',
77 silly install resolved        url: 'git+ssh://git@github.com/polotek/libxmljs.git' },
77 silly install resolved     bugs: { url: 'http://github.com/polotek/libxmljs/issues' },
77 silly install resolved     main: './index',
77 silly install resolved     engines: { node: '>=0.8.0' },
77 silly install resolved     dependencies: { bindings: '1.1.1', nan: '1.1.2' },
77 silly install resolved     devDependencies: { nodeunit: '0.9.0' },
77 silly install resolved     gypfile: true,
77 silly install resolved     gitHead: '9659ae918960049846773e553d6e10fcc92f0b94',
77 silly install resolved     homepage: 'https://github.com/polotek/libxmljs',
77 silly install resolved     _id: 'libxmljs@0.12.0',
77 silly install resolved     _shasum: '33b482dd265ce8aab7221f8d6959b03ff443b207',
77 silly install resolved     _from: 'libxmljs@0.12.0',
77 silly install resolved     _npmVersion: '1.4.23',
77 silly install resolved     _npmUser: { name: 'shtylman', email: 'shtylman@gmail.com' },
77 silly install resolved     maintainers: [ [Object], [Object] ],
77 silly install resolved     dist:
77 silly install resolved      { shasum: '33b482dd265ce8aab7221f8d6959b03ff443b207',
77 silly install resolved        tarball: 'http://registry.npmjs.org/libxmljs/-/libxmljs-0.12.0.tgz' },
77 silly install resolved     directories: {},
77 silly install resolved     _resolved: 'https://registry.npmjs.org/libxmljs/-/libxmljs-0.12.0.tgz',
77 silly install resolved     readme: 'ERROR: No README data found!' } ]
78 info install libxmljs@0.12.0 into c:\Projects\fermat-org\api-server
79 info installOne libxmljs@0.12.0
80 verbose installOne of libxmljs to c:\Projects\fermat-org\api-server not in flight; installing
81 verbose lock using C:\Users\German\AppData\Roaming\npm-cache\_locks\libxmljs-9cfff9b5d0983c0c.lock for c:\Projects\fermat-org\api-server\node_modules\libxmljs
82 silly install write writing libxmljs 0.12.0 to c:\Projects\fermat-org\api-server\node_modules\libxmljs
83 verbose unbuild node_modules\libxmljs
84 silly gentlyRm c:\Projects\fermat-org\api-server\node_modules\libxmljs is being purged from base c:\Projects\fermat-org\api-server
85 verbose gentlyRm don't care about contents; nuking c:\Projects\fermat-org\api-server\node_modules\libxmljs
86 verbose tar unpack C:\Users\German\AppData\Roaming\npm-cache\libxmljs\0.12.0\package.tgz
87 verbose tar unpacking to c:\Projects\fermat-org\api-server\node_modules\libxmljs
88 silly gentlyRm c:\Projects\fermat-org\api-server\node_modules\libxmljs is being purged
89 verbose gentlyRm don't care about contents; nuking c:\Projects\fermat-org\api-server\node_modules\libxmljs
90 silly gunzTarPerm modes [ '777', '666' ]
91 silly gunzTarPerm extractEntry package.json
92 silly gunzTarPerm modified mode [ 'package.json', 420, 438 ]
93 silly gunzTarPerm extractEntry .npmignore
94 silly gunzTarPerm modified mode [ '.npmignore', 420, 438 ]
95 silly gunzTarPerm extractEntry README.md
96 silly gunzTarPerm modified mode [ 'README.md', 420, 438 ]
97 silly gunzTarPerm extractEntry LICENSE
98 silly gunzTarPerm modified mode [ 'LICENSE', 420, 438 ]
99 silly gunzTarPerm extractEntry index.js
100 silly gunzTarPerm modified mode [ 'index.js', 420, 438 ]
101 silly gunzTarPerm extractEntry examples/cdata.js
102 silly gunzTarPerm modified mode [ 'examples/cdata.js', 420, 438 ]
103 silly gunzTarPerm extractEntry binding.gyp
104 silly gunzTarPerm modified mode [ 'binding.gyp', 420, 438 ]
105 silly gunzTarPerm extractEntry Makefile
106 silly gunzTarPerm modified mode [ 'Makefile', 420, 438 ]
107 silly gunzTarPerm extractEntry lib/bindings.js
108 silly gunzTarPerm modified mode [ 'lib/bindings.js', 420, 438 ]
109 silly gunzTarPerm extractEntry lib/comment.js
110 silly gunzTarPerm modified mode [ 'lib/comment.js', 420, 438 ]
111 silly gunzTarPerm extractEntry lib/document.js
112 silly gunzTarPerm modified mode [ 'lib/document.js', 420, 438 ]
113 silly gunzTarPerm extractEntry lib/element.js
114 silly gunzTarPerm modified mode [ 'lib/element.js', 420, 438 ]
115 silly gunzTarPerm extractEntry lib/sax_parser.js
116 silly gunzTarPerm modified mode [ 'lib/sax_parser.js', 420, 438 ]
117 silly gunzTarPerm extractEntry test/attribute.js
118 silly gunzTarPerm modified mode [ 'test/attribute.js', 420, 438 ]
119 silly gunzTarPerm extractEntry test/element.js
120 silly gunzTarPerm modified mode [ 'test/element.js', 420, 438 ]
121 silly gunzTarPerm extractEntry test/xml_parser.js
122 silly gunzTarPerm modified mode [ 'test/xml_parser.js', 420, 438 ]
123 silly gunzTarPerm extractEntry test/html_parser.js
124 silly gunzTarPerm modified mode [ 'test/html_parser.js', 420, 438 ]
125 silly gunzTarPerm extractEntry test/main.js
126 silly gunzTarPerm modified mode [ 'test/main.js', 420, 438 ]
127 silly gunzTarPerm extractEntry test/document.js
128 silly gunzTarPerm modified mode [ 'test/document.js', 420, 438 ]
129 silly gunzTarPerm extractEntry test/node_attributes.js
130 silly gunzTarPerm modified mode [ 'test/node_attributes.js', 420, 438 ]
131 silly gunzTarPerm extractEntry test/ref_integrity.js
132 silly gunzTarPerm modified mode [ 'test/ref_integrity.js', 420, 438 ]
133 silly gunzTarPerm extractEntry test/searching.js
134 silly gunzTarPerm modified mode [ 'test/searching.js', 420, 438 ]
135 silly gunzTarPerm extractEntry test/text_node.js
136 silly gunzTarPerm modified mode [ 'test/text_node.js', 420, 438 ]
137 silly gunzTarPerm extractEntry test/traversal.js
138 silly gunzTarPerm modified mode [ 'test/traversal.js', 420, 438 ]
139 silly gunzTarPerm extractEntry test/comment.js
140 silly gunzTarPerm modified mode [ 'test/comment.js', 420, 438 ]
141 silly gunzTarPerm extractEntry test/xml_sax_parser.js
142 silly gunzTarPerm modified mode [ 'test/xml_sax_parser.js', 420, 438 ]
143 silly gunzTarPerm extractEntry test/namespace.js
144 silly gunzTarPerm modified mode [ 'test/namespace.js', 420, 438 ]
145 silly gunzTarPerm extractEntry test/fixtures/errors/comment.xml
146 silly gunzTarPerm modified mode [ 'test/fixtures/errors/comment.xml', 420, 438 ]
147 silly gunzTarPerm extractEntry test/fixtures/parser-utf16.xml
148 silly gunzTarPerm modified mode [ 'test/fixtures/parser-utf16.xml', 420, 438 ]
149 silly gunzTarPerm extractEntry test/fixtures/parser.euc_jp.html
150 silly gunzTarPerm modified mode [ 'test/fixtures/parser.euc_jp.html', 420, 438 ]
151 silly gunzTarPerm extractEntry test/fixtures/parser.html
152 silly gunzTarPerm modified mode [ 'test/fixtures/parser.html', 420, 438 ]
153 silly gunzTarPerm extractEntry test/fixtures/parser.xml
154 silly gunzTarPerm modified mode [ 'test/fixtures/parser.xml', 420, 438 ]
155 silly gunzTarPerm extractEntry test/fixtures/sax_parser.xml
156 silly gunzTarPerm modified mode [ 'test/fixtures/sax_parser.xml', 420, 438 ]
157 silly gunzTarPerm extractEntry test/fixtures/warnings/amp.html
158 silly gunzTarPerm modified mode [ 'test/fixtures/warnings/amp.html', 420, 438 ]
159 silly gunzTarPerm extractEntry test/fixtures/warnings/ent9.xml
160 silly gunzTarPerm modified mode [ 'test/fixtures/warnings/ent9.xml', 420, 438 ]
161 silly gunzTarPerm extractEntry .travis.yml
162 silly gunzTarPerm modified mode [ '.travis.yml', 420, 438 ]
163 silly gunzTarPerm extractEntry src/xml_element.h
164 silly gunzTarPerm modified mode [ 'src/xml_element.h', 420, 438 ]
165 silly gunzTarPerm extractEntry src/html_document.cc
166 silly gunzTarPerm modified mode [ 'src/html_document.cc', 420, 438 ]
167 silly gunzTarPerm extractEntry src/libxmljs.cc
168 silly gunzTarPerm modified mode [ 'src/libxmljs.cc', 420, 438 ]
169 silly gunzTarPerm extractEntry src/libxmljs.h
170 silly gunzTarPerm modified mode [ 'src/libxmljs.h', 420, 438 ]
171 silly gunzTarPerm extractEntry src/xml_attribute.cc
172 silly gunzTarPerm modified mode [ 'src/xml_attribute.cc', 420, 438 ]
173 silly gunzTarPerm extractEntry src/xml_attribute.h
174 silly gunzTarPerm modified mode [ 'src/xml_attribute.h', 420, 438 ]
175 silly gunzTarPerm extractEntry src/xml_comment.cc
176 silly gunzTarPerm modified mode [ 'src/xml_comment.cc', 420, 438 ]
177 silly gunzTarPerm extractEntry src/xml_comment.h
178 silly gunzTarPerm modified mode [ 'src/xml_comment.h', 420, 438 ]
179 silly gunzTarPerm extractEntry src/xml_document.cc
180 silly gunzTarPerm modified mode [ 'src/xml_document.cc', 420, 438 ]
181 silly gunzTarPerm extractEntry src/xml_document.h
182 silly gunzTarPerm modified mode [ 'src/xml_document.h', 420, 438 ]
183 silly gunzTarPerm extractEntry src/xml_element.cc
184 silly gunzTarPerm modified mode [ 'src/xml_element.cc', 420, 438 ]
185 silly gunzTarPerm extractEntry src/html_document.h
186 silly gunzTarPerm modified mode [ 'src/html_document.h', 420, 438 ]
187 silly gunzTarPerm extractEntry src/xml_namespace.cc
188 silly gunzTarPerm modified mode [ 'src/xml_namespace.cc', 420, 438 ]
189 silly gunzTarPerm extractEntry src/xml_namespace.h
190 silly gunzTarPerm modified mode [ 'src/xml_namespace.h', 420, 438 ]
191 silly gunzTarPerm extractEntry src/xml_node.cc
192 silly gunzTarPerm modified mode [ 'src/xml_node.cc', 420, 438 ]
193 silly gunzTarPerm extractEntry src/xml_node.h
194 silly gunzTarPerm modified mode [ 'src/xml_node.h', 420, 438 ]
195 silly gunzTarPerm extractEntry src/xml_sax_parser.cc
196 silly gunzTarPerm modified mode [ 'src/xml_sax_parser.cc', 420, 438 ]
197 silly gunzTarPerm extractEntry src/xml_sax_parser.h
198 silly gunzTarPerm modified mode [ 'src/xml_sax_parser.h', 420, 438 ]
199 silly gunzTarPerm extractEntry src/xml_syntax_error.cc
200 silly gunzTarPerm modified mode [ 'src/xml_syntax_error.cc', 420, 438 ]
201 silly gunzTarPerm extractEntry src/xml_syntax_error.h
202 silly gunzTarPerm modified mode [ 'src/xml_syntax_error.h', 420, 438 ]
203 silly gunzTarPerm extractEntry src/xml_xpath_context.cc
204 silly gunzTarPerm modified mode [ 'src/xml_xpath_context.cc', 420, 438 ]
205 silly gunzTarPerm extractEntry src/xml_xpath_context.h
206 silly gunzTarPerm modified mode [ 'src/xml_xpath_context.h', 420, 438 ]
207 silly gunzTarPerm extractEntry vendor/libxml/schematron.c
208 silly gunzTarPerm modified mode [ 'vendor/libxml/schematron.c', 420, 438 ]
209 silly gunzTarPerm extractEntry vendor/libxml/DOCBparser.c
210 silly gunzTarPerm modified mode [ 'vendor/libxml/DOCBparser.c', 420, 438 ]
211 silly gunzTarPerm extractEntry vendor/libxml/HTMLtree.c
212 silly gunzTarPerm modified mode [ 'vendor/libxml/HTMLtree.c', 420, 438 ]
213 silly gunzTarPerm extractEntry vendor/libxml/SAX.c
214 silly gunzTarPerm modified mode [ 'vendor/libxml/SAX.c', 420, 438 ]
215 silly gunzTarPerm extractEntry vendor/libxml/SAX2.c
216 silly gunzTarPerm modified mode [ 'vendor/libxml/SAX2.c', 420, 438 ]
217 silly gunzTarPerm extractEntry vendor/libxml/buf.c
218 silly gunzTarPerm modified mode [ 'vendor/libxml/buf.c', 420, 438 ]
219 silly gunzTarPerm extractEntry vendor/libxml/buf.h
220 silly gunzTarPerm modified mode [ 'vendor/libxml/buf.h', 420, 438 ]
221 silly gunzTarPerm extractEntry vendor/libxml/c14n.c
222 silly gunzTarPerm modified mode [ 'vendor/libxml/c14n.c', 420, 438 ]
223 silly gunzTarPerm extractEntry vendor/libxml/catalog.c
224 silly gunzTarPerm modified mode [ 'vendor/libxml/catalog.c', 420, 438 ]
225 silly gunzTarPerm extractEntry vendor/libxml/chvalid.c
226 silly gunzTarPerm modified mode [ 'vendor/libxml/chvalid.c', 420, 438 ]
227 silly gunzTarPerm extractEntry vendor/libxml/config.h
228 silly gunzTarPerm modified mode [ 'vendor/libxml/config.h', 420, 438 ]
229 silly gunzTarPerm extractEntry vendor/libxml/debugXML.c
230 silly gunzTarPerm modified mode [ 'vendor/libxml/debugXML.c', 420, 438 ]
231 silly gunzTarPerm extractEntry vendor/libxml/dict.c
232 silly gunzTarPerm modified mode [ 'vendor/libxml/dict.c', 420, 438 ]
233 silly gunzTarPerm extractEntry vendor/libxml/elfgcchack.h
234 silly gunzTarPerm modified mode [ 'vendor/libxml/elfgcchack.h', 420, 438 ]
235 silly gunzTarPerm extractEntry vendor/libxml/enc.h
236 silly gunzTarPerm modified mode [ 'vendor/libxml/enc.h', 420, 438 ]
237 silly gunzTarPerm extractEntry vendor/libxml/encoding.c
238 silly gunzTarPerm modified mode [ 'vendor/libxml/encoding.c', 420, 438 ]
239 silly gunzTarPerm extractEntry vendor/libxml/entities.c
240 silly gunzTarPerm modified mode [ 'vendor/libxml/entities.c', 420, 438 ]
241 silly gunzTarPerm extractEntry vendor/libxml/error.c
242 silly gunzTarPerm modified mode [ 'vendor/libxml/error.c', 420, 438 ]
243 silly gunzTarPerm extractEntry vendor/libxml/globals.c
244 silly gunzTarPerm modified mode [ 'vendor/libxml/globals.c', 420, 438 ]
245 silly gunzTarPerm extractEntry vendor/libxml/hash.c
246 silly gunzTarPerm modified mode [ 'vendor/libxml/hash.c', 420, 438 ]
247 silly gunzTarPerm extractEntry vendor/libxml/include/libxml/schematron.h
248 silly gunzTarPerm modified mode [ 'vendor/libxml/include/libxml/schematron.h', 420, 438 ]
249 silly gunzTarPerm extractEntry vendor/libxml/include/libxml/DOCBparser.h
250 silly gunzTarPerm modified mode [ 'vendor/libxml/include/libxml/DOCBparser.h', 420, 438 ]
251 silly gunzTarPerm extractEntry vendor/libxml/include/libxml/HTMLtree.h
252 silly gunzTarPerm modified mode [ 'vendor/libxml/include/libxml/HTMLtree.h', 420, 438 ]
253 silly gunzTarPerm extractEntry vendor/libxml/include/libxml/Makefile
254 silly gunzTarPerm modified mode [ 'vendor/libxml/include/libxml/Makefile', 420, 438 ]
255 silly gunzTarPerm extractEntry vendor/libxml/include/libxml/Makefile.am
256 silly gunzTarPerm modified mode [ 'vendor/libxml/include/libxml/Makefile.am', 420, 438 ]
257 silly gunzTarPerm extractEntry vendor/libxml/include/libxml/Makefile.in
258 silly gunzTarPerm modified mode [ 'vendor/libxml/include/libxml/Makefile.in', 420, 438 ]
259 silly gunzTarPerm extractEntry vendor/libxml/include/libxml/SAX.h
260 silly gunzTarPerm modified mode [ 'vendor/libxml/include/libxml/SAX.h', 420, 438 ]
261 silly gunzTarPerm extractEntry vendor/libxml/include/libxml/SAX2.h
262 silly gunzTarPerm modified mode [ 'vendor/libxml/include/libxml/SAX2.h', 420, 438 ]
263 silly gunzTarPerm extractEntry vendor/libxml/include/libxml/c14n.h
264 silly gunzTarPerm modified mode [ 'vendor/libxml/include/libxml/c14n.h', 420, 438 ]
265 silly gunzTarPerm extractEntry vendor/libxml/include/libxml/catalog.h
266 silly gunzTarPerm modified mode [ 'vendor/libxml/include/libxml/catalog.h', 420, 438 ]
267 silly gunzTarPerm extractEntry vendor/libxml/include/libxml/chvalid.h
268 silly gunzTarPerm modified mode [ 'vendor/libxml/include/libxml/chvalid.h', 420, 438 ]
269 silly gunzTarPerm extractEntry vendor/libxml/include/libxml/debugXML.h
270 silly gunzTarPerm modified mode [ 'vendor/libxml/include/libxml/debugXML.h', 420, 438 ]
271 silly gunzTarPerm extractEntry vendor/libxml/include/libxml/dict.h
272 silly gunzTarPerm modified mode [ 'vendor/libxml/include/libxml/dict.h', 420, 438 ]
273 silly gunzTarPerm extractEntry vendor/libxml/include/libxml/encoding.h
274 silly gunzTarPerm modified mode [ 'vendor/libxml/include/libxml/encoding.h', 420, 438 ]
275 silly gunzTarPerm extractEntry vendor/libxml/include/libxml/entities.h
276 silly gunzTarPerm modified mode [ 'vendor/libxml/include/libxml/entities.h', 420, 438 ]
277 silly gunzTarPerm extractEntry vendor/libxml/include/libxml/globals.h
278 silly gunzTarPerm modified mode [ 'vendor/libxml/include/libxml/globals.h', 420, 438 ]
279 silly gunzTarPerm extractEntry vendor/libxml/include/libxml/hash.h
280 silly gunzTarPerm modified mode [ 'vendor/libxml/include/libxml/hash.h', 420, 438 ]
281 silly gunzTarPerm extractEntry vendor/libxml/include/libxml/list.h
282 silly gunzTarPerm modified mode [ 'vendor/libxml/include/libxml/list.h', 420, 438 ]
283 silly gunzTarPerm extractEntry vendor/libxml/include/libxml/nanoftp.h
284 silly gunzTarPerm modified mode [ 'vendor/libxml/include/libxml/nanoftp.h', 420, 438 ]
285 silly gunzTarPerm extractEntry vendor/libxml/include/libxml/nanohttp.h
286 silly gunzTarPerm modified mode [ 'vendor/libxml/include/libxml/nanohttp.h', 420, 438 ]
287 silly gunzTarPerm extractEntry vendor/libxml/include/libxml/parser.h
288 silly gunzTarPerm modified mode [ 'vendor/libxml/include/libxml/parser.h', 420, 438 ]
289 silly gunzTarPerm extractEntry vendor/libxml/include/libxml/parserInternals.h
290 silly gunzTarPerm modified mode [ 'vendor/libxml/include/libxml/parserInternals.h', 420, 438 ]
291 silly gunzTarPerm extractEntry vendor/libxml/include/libxml/pattern.h
292 silly gunzTarPerm modified mode [ 'vendor/libxml/include/libxml/pattern.h', 420, 438 ]
293 silly gunzTarPerm extractEntry vendor/libxml/include/libxml/relaxng.h
294 silly gunzTarPerm modified mode [ 'vendor/libxml/include/libxml/relaxng.h', 420, 438 ]
295 silly gunzTarPerm extractEntry vendor/libxml/include/libxml/schemasInternals.h
296 silly gunzTarPerm modified mode [ 'vendor/libxml/include/libxml/schemasInternals.h', 420, 438 ]
297 silly gunzTarPerm extractEntry vendor/libxml/include/libxml/HTMLparser.h
298 silly gunzTarPerm modified mode [ 'vendor/libxml/include/libxml/HTMLparser.h', 420, 438 ]
299 silly gunzTarPerm extractEntry vendor/libxml/include/libxml/threads.h
300 silly gunzTarPerm modified mode [ 'vendor/libxml/include/libxml/threads.h', 420, 438 ]
301 silly gunzTarPerm extractEntry vendor/libxml/include/libxml/tree.h
302 silly gunzTarPerm modified mode [ 'vendor/libxml/include/libxml/tree.h', 420, 438 ]
303 silly gunzTarPerm extractEntry vendor/libxml/include/libxml/uri.h
304 silly gunzTarPerm modified mode [ 'vendor/libxml/include/libxml/uri.h', 420, 438 ]
305 silly gunzTarPerm extractEntry vendor/libxml/include/libxml/valid.h
306 silly gunzTarPerm modified mode [ 'vendor/libxml/include/libxml/valid.h', 420, 438 ]
307 silly gunzTarPerm extractEntry vendor/libxml/include/libxml/xinclude.h
308 silly gunzTarPerm modified mode [ 'vendor/libxml/include/libxml/xinclude.h', 420, 438 ]
309 silly gunzTarPerm extractEntry vendor/libxml/include/libxml/xlink.h
310 silly gunzTarPerm modified mode [ 'vendor/libxml/include/libxml/xlink.h', 420, 438 ]
311 silly gunzTarPerm extractEntry vendor/libxml/include/libxml/xmlIO.h
312 silly gunzTarPerm modified mode [ 'vendor/libxml/include/libxml/xmlIO.h', 420, 438 ]
313 silly gunzTarPerm extractEntry vendor/libxml/include/libxml/xmlautomata.h
314 silly gunzTarPerm modified mode [ 'vendor/libxml/include/libxml/xmlautomata.h', 420, 438 ]
315 silly gunzTarPerm extractEntry vendor/libxml/include/libxml/xmlerror.h
316 silly gunzTarPerm modified mode [ 'vendor/libxml/include/libxml/xmlerror.h', 420, 438 ]
317 silly gunzTarPerm extractEntry vendor/libxml/include/libxml/xmlexports.h
318 silly gunzTarPerm modified mode [ 'vendor/libxml/include/libxml/xmlexports.h', 420, 438 ]
319 silly gunzTarPerm extractEntry vendor/libxml/include/libxml/xmlmemory.h
320 silly gunzTarPerm modified mode [ 'vendor/libxml/include/libxml/xmlmemory.h', 420, 438 ]
321 silly gunzTarPerm extractEntry vendor/libxml/include/libxml/xmlmodule.h
322 silly gunzTarPerm modified mode [ 'vendor/libxml/include/libxml/xmlmodule.h', 420, 438 ]
323 silly gunzTarPerm extractEntry vendor/libxml/include/libxml/xmlreader.h
324 silly gunzTarPerm modified mode [ 'vendor/libxml/include/libxml/xmlreader.h', 420, 438 ]
325 silly gunzTarPerm extractEntry vendor/libxml/include/libxml/xmlregexp.h
326 silly gunzTarPerm modified mode [ 'vendor/libxml/include/libxml/xmlregexp.h', 420, 438 ]
327 silly gunzTarPerm extractEntry vendor/libxml/include/libxml/xmlsave.h
328 silly gunzTarPerm modified mode [ 'vendor/libxml/include/libxml/xmlsave.h', 420, 438 ]
329 silly gunzTarPerm extractEntry vendor/libxml/include/libxml/xmlschemas.h
330 silly gunzTarPerm modified mode [ 'vendor/libxml/include/libxml/xmlschemas.h', 420, 438 ]
331 silly gunzTarPerm extractEntry vendor/libxml/include/libxml/xmlschemastypes.h
332 silly gunzTarPerm modified mode [ 'vendor/libxml/include/libxml/xmlschemastypes.h', 420, 438 ]
333 silly gunzTarPerm extractEntry vendor/libxml/include/libxml/xmlstring.h
334 silly gunzTarPerm modified mode [ 'vendor/libxml/include/libxml/xmlstring.h', 420, 438 ]
335 silly gunzTarPerm extractEntry vendor/libxml/include/libxml/xmlunicode.h
336 silly gunzTarPerm modified mode [ 'vendor/libxml/include/libxml/xmlunicode.h', 420, 438 ]
337 silly gunzTarPerm extractEntry vendor/libxml/include/libxml/xmlversion.h
338 silly gunzTarPerm modified mode [ 'vendor/libxml/include/libxml/xmlversion.h', 420, 438 ]
339 silly gunzTarPerm extractEntry vendor/libxml/include/libxml/xmlwriter.h
340 silly gunzTarPerm modified mode [ 'vendor/libxml/include/libxml/xmlwriter.h', 420, 438 ]
341 silly gunzTarPerm extractEntry vendor/libxml/include/libxml/xpath.h
342 silly gunzTarPerm modified mode [ 'vendor/libxml/include/libxml/xpath.h', 420, 438 ]
343 silly gunzTarPerm extractEntry vendor/libxml/include/libxml/xpathInternals.h
344 silly gunzTarPerm modified mode [ 'vendor/libxml/include/libxml/xpathInternals.h', 420, 438 ]
345 silly gunzTarPerm extractEntry vendor/libxml/include/libxml/xpointer.h
346 silly gunzTarPerm modified mode [ 'vendor/libxml/include/libxml/xpointer.h', 420, 438 ]
347 silly gunzTarPerm extractEntry vendor/libxml/include/win32config.h
348 silly gunzTarPerm modified mode [ 'vendor/libxml/include/win32config.h', 420, 438 ]
349 silly gunzTarPerm extractEntry vendor/libxml/include/wsockcompat.h
350 silly gunzTarPerm modified mode [ 'vendor/libxml/include/wsockcompat.h', 420, 438 ]
351 silly gunzTarPerm extractEntry vendor/libxml/legacy.c
352 silly gunzTarPerm modified mode [ 'vendor/libxml/legacy.c', 420, 438 ]
353 silly gunzTarPerm extractEntry vendor/libxml/libxml.gyp
354 silly gunzTarPerm modified mode [ 'vendor/libxml/libxml.gyp', 420, 438 ]
355 silly gunzTarPerm extractEntry vendor/libxml/libxml.h
356 silly gunzTarPerm modified mode [ 'vendor/libxml/libxml.h', 420, 438 ]
357 silly gunzTarPerm extractEntry vendor/libxml/list.c
358 silly gunzTarPerm modified mode [ 'vendor/libxml/list.c', 420, 438 ]
359 silly gunzTarPerm extractEntry vendor/libxml/nanoftp.c
360 silly gunzTarPerm modified mode [ 'vendor/libxml/nanoftp.c', 420, 438 ]
361 silly gunzTarPerm extractEntry vendor/libxml/nanohttp.c
362 silly gunzTarPerm modified mode [ 'vendor/libxml/nanohttp.c', 420, 438 ]
363 silly gunzTarPerm extractEntry vendor/libxml/parser.c
364 silly gunzTarPerm modified mode [ 'vendor/libxml/parser.c', 420, 438 ]
365 silly gunzTarPerm extractEntry vendor/libxml/parserInternals.c
366 silly gunzTarPerm modified mode [ 'vendor/libxml/parserInternals.c', 420, 438 ]
367 silly gunzTarPerm extractEntry vendor/libxml/pattern.c
368 silly gunzTarPerm modified mode [ 'vendor/libxml/pattern.c', 420, 438 ]
369 silly gunzTarPerm extractEntry vendor/libxml/relaxng.c
370 silly gunzTarPerm modified mode [ 'vendor/libxml/relaxng.c', 420, 438 ]
371 silly gunzTarPerm extractEntry vendor/libxml/runsuite.c
372 silly gunzTarPerm modified mode [ 'vendor/libxml/runsuite.c', 420, 438 ]
373 silly gunzTarPerm extractEntry vendor/libxml/save.h
374 silly gunzTarPerm modified mode [ 'vendor/libxml/save.h', 420, 438 ]
375 silly gunzTarPerm extractEntry vendor/libxml/HTMLparser.c
376 silly gunzTarPerm modified mode [ 'vendor/libxml/HTMLparser.c', 420, 438 ]
377 silly gunzTarPerm extractEntry vendor/libxml/threads.c
378 silly gunzTarPerm modified mode [ 'vendor/libxml/threads.c', 420, 438 ]
379 silly gunzTarPerm extractEntry vendor/libxml/timsort.h
380 silly gunzTarPerm modified mode [ 'vendor/libxml/timsort.h', 420, 438 ]
381 silly gunzTarPerm extractEntry vendor/libxml/tree.c
382 silly gunzTarPerm modified mode [ 'vendor/libxml/tree.c', 420, 438 ]
383 silly gunzTarPerm extractEntry vendor/libxml/trio.c
384 silly gunzTarPerm modified mode [ 'vendor/libxml/trio.c', 420, 438 ]
385 silly gunzTarPerm extractEntry vendor/libxml/trio.h
386 silly gunzTarPerm modified mode [ 'vendor/libxml/trio.h', 420, 438 ]
387 silly gunzTarPerm extractEntry vendor/libxml/triodef.h
388 silly gunzTarPerm modified mode [ 'vendor/libxml/triodef.h', 420, 438 ]
389 silly gunzTarPerm extractEntry vendor/libxml/trionan.c
390 silly gunzTarPerm modified mode [ 'vendor/libxml/trionan.c', 420, 438 ]
391 silly gunzTarPerm extractEntry vendor/libxml/trionan.h
392 silly gunzTarPerm modified mode [ 'vendor/libxml/trionan.h', 420, 438 ]
393 silly gunzTarPerm extractEntry vendor/libxml/triop.h
394 silly gunzTarPerm modified mode [ 'vendor/libxml/triop.h', 420, 438 ]
395 silly gunzTarPerm extractEntry vendor/libxml/triostr.c
396 silly gunzTarPerm modified mode [ 'vendor/libxml/triostr.c', 420, 438 ]
397 silly gunzTarPerm extractEntry vendor/libxml/triostr.h
398 silly gunzTarPerm modified mode [ 'vendor/libxml/triostr.h', 420, 438 ]
399 silly gunzTarPerm extractEntry vendor/libxml/uri.c
400 silly gunzTarPerm modified mode [ 'vendor/libxml/uri.c', 420, 438 ]
401 silly gunzTarPerm extractEntry vendor/libxml/valid.c
402 silly gunzTarPerm modified mode [ 'vendor/libxml/valid.c', 420, 438 ]
403 silly gunzTarPerm extractEntry vendor/libxml/xinclude.c
404 silly gunzTarPerm modified mode [ 'vendor/libxml/xinclude.c', 420, 438 ]
405 silly gunzTarPerm extractEntry vendor/libxml/xlink.c
406 silly gunzTarPerm modified mode [ 'vendor/libxml/xlink.c', 420, 438 ]
407 silly gunzTarPerm extractEntry vendor/libxml/xmlIO.c
408 silly gunzTarPerm modified mode [ 'vendor/libxml/xmlIO.c', 420, 438 ]
409 silly gunzTarPerm extractEntry vendor/libxml/xmlcatalog.c
410 silly gunzTarPerm modified mode [ 'vendor/libxml/xmlcatalog.c', 420, 438 ]
411 silly gunzTarPerm extractEntry vendor/libxml/xmllint.c
412 silly gunzTarPerm modified mode [ 'vendor/libxml/xmllint.c', 420, 438 ]
413 silly gunzTarPerm extractEntry vendor/libxml/xmlmemory.c
414 silly gunzTarPerm modified mode [ 'vendor/libxml/xmlmemory.c', 420, 438 ]
415 silly gunzTarPerm extractEntry vendor/libxml/xmlmodule.c
416 silly gunzTarPerm modified mode [ 'vendor/libxml/xmlmodule.c', 420, 438 ]
417 silly gunzTarPerm extractEntry vendor/libxml/xmlreader.c
418 silly gunzTarPerm modified mode [ 'vendor/libxml/xmlreader.c', 420, 438 ]
419 silly gunzTarPerm extractEntry vendor/libxml/xmlregexp.c
420 silly gunzTarPerm modified mode [ 'vendor/libxml/xmlregexp.c', 420, 438 ]
421 silly gunzTarPerm extractEntry vendor/libxml/xmlsave.c
422 silly gunzTarPerm modified mode [ 'vendor/libxml/xmlsave.c', 420, 438 ]
423 silly gunzTarPerm extractEntry vendor/libxml/xmlschemas.c
424 silly gunzTarPerm modified mode [ 'vendor/libxml/xmlschemas.c', 420, 438 ]
425 silly gunzTarPerm extractEntry vendor/libxml/xmlschemastypes.c
426 silly gunzTarPerm modified mode [ 'vendor/libxml/xmlschemastypes.c', 420, 438 ]
427 silly gunzTarPerm extractEntry vendor/libxml/xmlstring.c
428 silly gunzTarPerm modified mode [ 'vendor/libxml/xmlstring.c', 420, 438 ]
429 silly gunzTarPerm extractEntry vendor/libxml/xmlunicode.c
430 silly gunzTarPerm modified mode [ 'vendor/libxml/xmlunicode.c', 420, 438 ]
431 silly gunzTarPerm extractEntry vendor/libxml/xmlwriter.c
432 silly gunzTarPerm modified mode [ 'vendor/libxml/xmlwriter.c', 420, 438 ]
433 silly gunzTarPerm extractEntry vendor/libxml/xpath.c
434 silly gunzTarPerm modified mode [ 'vendor/libxml/xpath.c', 420, 438 ]
435 silly gunzTarPerm extractEntry vendor/libxml/xpointer.c
436 silly gunzTarPerm modified mode [ 'vendor/libxml/xpointer.c', 420, 438 ]
437 silly gunzTarPerm extractEntry vendor/libxml/xzlib.c
438 silly gunzTarPerm modified mode [ 'vendor/libxml/xzlib.c', 420, 438 ]
439 silly gunzTarPerm extractEntry vendor/libxml/xzlib.h
440 silly gunzTarPerm modified mode [ 'vendor/libxml/xzlib.h', 420, 438 ]
441 verbose write writing to c:\Projects\fermat-org\api-server\node_modules\libxmljs\package.json
442 info preinstall libxmljs@0.12.0
443 verbose readDependencies loading dependencies from c:\Projects\fermat-org\api-server\node_modules\libxmljs\package.json
444 silly prepareForInstallMany adding bindings@1.1.1 from libxmljs dependencies
445 silly prepareForInstallMany adding nan@1.1.2 from libxmljs dependencies
446 verbose readDependencies loading dependencies from c:\Projects\fermat-org\api-server\node_modules\libxmljs\package.json
447 silly cache add args [ 'bindings@1.1.1', null ]
448 verbose cache add spec bindings@1.1.1
449 silly cache add args [ 'nan@1.1.2', null ]
450 verbose cache add spec nan@1.1.2
451 silly cache add parsed spec Result {
451 silly cache add   raw: 'bindings@1.1.1',
451 silly cache add   scope: null,
451 silly cache add   name: 'bindings',
451 silly cache add   rawSpec: '1.1.1',
451 silly cache add   spec: '1.1.1',
451 silly cache add   type: 'version' }
452 silly addNamed bindings@1.1.1
453 verbose addNamed "1.1.1" is a plain semver version for bindings
454 silly mapToRegistry name bindings
455 silly mapToRegistry using default registry
456 silly mapToRegistry registry https://registry.npmjs.org/
457 silly mapToRegistry uri https://registry.npmjs.org/bindings
458 verbose addNameVersion registry:https://registry.npmjs.org/bindings not in flight; fetching
459 silly cache add parsed spec Result {
459 silly cache add   raw: 'nan@1.1.2',
459 silly cache add   scope: null,
459 silly cache add   name: 'nan',
459 silly cache add   rawSpec: '1.1.2',
459 silly cache add   spec: '1.1.2',
459 silly cache add   type: 'version' }
460 silly addNamed nan@1.1.2
461 verbose addNamed "1.1.2" is a plain semver version for nan
462 silly mapToRegistry name nan
463 silly mapToRegistry using default registry
464 silly mapToRegistry registry https://registry.npmjs.org/
465 silly mapToRegistry uri https://registry.npmjs.org/nan
466 verbose addNameVersion registry:https://registry.npmjs.org/nan not in flight; fetching
467 verbose request uri https://registry.npmjs.org/bindings
468 verbose request no auth needed
469 info attempt registry request try #1 at 09:35:27
470 verbose etag "1LLBF9OH58DLBEL4629U6032D"
471 http request GET https://registry.npmjs.org/bindings
472 verbose request uri https://registry.npmjs.org/nan
473 verbose request no auth needed
474 info attempt registry request try #1 at 09:35:27
475 verbose etag "2UZKQOUIL0TMX4WY7FZ5Q5HJQ"
476 http request GET https://registry.npmjs.org/nan
477 http 200 https://registry.npmjs.org/bindings
478 silly get cb [ 200,
478 silly get   { server: 'CouchDB/1.5.0 (Erlang OTP/R16B03)',
478 silly get     etag: '"TUHYBOLC98EWHSTIMIB4RLSD"',
478 silly get     'content-type': 'application/json',
478 silly get     'cache-control': 'max-age=300',
478 silly get     'content-length': '18081',
478 silly get     'accept-ranges': 'bytes',
478 silly get     date: 'Mon, 11 Apr 2016 14:20:12 GMT',
478 silly get     via: '1.1 varnish',
478 silly get     age: '106',
478 silly get     connection: 'keep-alive',
478 silly get     'x-served-by': 'cache-atl6233-ATL',
478 silly get     'x-cache': 'HIT',
478 silly get     'x-cache-hits': '2',
478 silly get     'x-timer': 'S1460384412.607687,VS0,VE0',
478 silly get     vary: 'Accept-Encoding' } ]
479 verbose get saving bindings to C:\Users\German\AppData\Roaming\npm-cache\registry.npmjs.org\bindings\.cache.json
480 silly mapToRegistry name bindings
481 silly mapToRegistry using default registry
482 silly mapToRegistry registry https://registry.npmjs.org/
483 silly mapToRegistry uri https://registry.npmjs.org/bindings
484 verbose addRemoteTarball https://registry.npmjs.org/bindings/-/bindings-1.1.1.tgz not in flight; adding
485 verbose addRemoteTarball [ 'https://registry.npmjs.org/bindings/-/bindings-1.1.1.tgz',
485 verbose addRemoteTarball   '951f7ae010302ffc50b265b124032017ed2bf6f3' ]
486 info retry fetch attempt 1 at 09:35:27
487 info attempt registry request try #1 at 09:35:27
488 http fetch GET https://registry.npmjs.org/bindings/-/bindings-1.1.1.tgz
489 http fetch 200 https://registry.npmjs.org/bindings/-/bindings-1.1.1.tgz
490 http 304 https://registry.npmjs.org/nan
491 silly get cb [ 304,
491 silly get   { date: 'Mon, 11 Apr 2016 14:20:12 GMT',
491 silly get     via: '1.1 varnish',
491 silly get     'cache-control': 'max-age=300',
491 silly get     etag: '"2UZKQOUIL0TMX4WY7FZ5Q5HJQ"',
491 silly get     age: '232',
491 silly get     connection: 'keep-alive',
491 silly get     'x-served-by': 'cache-atl6226-ATL',
491 silly get     'x-cache': 'HIT',
491 silly get     'x-cache-hits': '3',
491 silly get     'x-timer': 'S1460384412.807242,VS0,VE0',
491 silly get     vary: 'Accept-Encoding' } ]
492 verbose etag https://registry.npmjs.org/nan from cache
493 verbose get saving nan to C:\Users\German\AppData\Roaming\npm-cache\registry.npmjs.org\nan\.cache.json
494 silly fetchAndShaCheck shasum 951f7ae010302ffc50b265b124032017ed2bf6f3
495 verbose addTmpTarball C:\Users\German\AppData\Local\Temp\npm-7936-c1c4c3bb\registry.npmjs.org\bindings\-\bindings-1.1.1.tgz not in flight; adding
496 verbose addTmpTarball already have metadata; skipping unpack for bindings@1.1.1
497 silly cache afterAdd bindings@1.1.1
498 verbose afterAdd C:\Users\German\AppData\Roaming\npm-cache\bindings\1.1.1\package\package.json not in flight; writing
499 verbose afterAdd C:\Users\German\AppData\Roaming\npm-cache\bindings\1.1.1\package\package.json written
500 silly cache afterAdd nan@1.1.2
501 verbose afterAdd C:\Users\German\AppData\Roaming\npm-cache\nan\1.1.2\package\package.json not in flight; writing
502 verbose afterAdd C:\Users\German\AppData\Roaming\npm-cache\nan\1.1.2\package\package.json written
503 silly install resolved [ { name: 'bindings',
503 silly install resolved     description: 'Helper module for loading your native module\'s .node file',
503 silly install resolved     keywords: [ 'native', 'addon', 'bindings', 'gyp', 'waf', 'c', 'c++' ],
503 silly install resolved     version: '1.1.1',
503 silly install resolved     author:
503 silly install resolved      { name: 'Nathan Rajlich',
503 silly install resolved        email: 'nathan@tootallnate.net',
503 silly install resolved        url: 'http://tootallnate.net' },
503 silly install resolved     repository:
503 silly install resolved      { type: 'git',
503 silly install resolved        url: 'git://github.com/TooTallNate/node-bindings.git' },
503 silly install resolved     main: './bindings.js',
503 silly install resolved     bugs: { url: 'https://github.com/TooTallNate/node-bindings/issues' },
503 silly install resolved     _id: 'bindings@1.1.1',
503 silly install resolved     dist:
503 silly install resolved      { shasum: '951f7ae010302ffc50b265b124032017ed2bf6f3',
503 silly install resolved        tarball: 'https://registry.npmjs.org/bindings/-/bindings-1.1.1.tgz' },
503 silly install resolved     _from: 'bindings@1.1.1',
503 silly install resolved     _npmVersion: '1.3.2',
503 silly install resolved     _npmUser: { name: 'tootallnate', email: 'nathan@tootallnate.net' },
503 silly install resolved     maintainers: [ [Object], [Object] ],
503 silly install resolved     directories: {},
503 silly install resolved     _shasum: '951f7ae010302ffc50b265b124032017ed2bf6f3',
503 silly install resolved     _resolved: 'https://registry.npmjs.org/bindings/-/bindings-1.1.1.tgz' },
503 silly install resolved   { name: 'nan',
503 silly install resolved     version: '1.1.2',
503 silly install resolved     description: 'Native Abstractions for Node.js: C++ header for Node 0.8->0.12 compatibility',
503 silly install resolved     main: 'include_dirs.js',
503 silly install resolved     repository: { type: 'git', url: 'git://github.com/rvagg/nan.git' },
503 silly install resolved     contributors: [ [Object], [Object], [Object], [Object], [Object], [Object] ],
503 silly install resolved     license: 'MIT',
503 silly install resolved     bugs: { url: 'https://github.com/rvagg/nan/issues' },
503 silly install resolved     homepage: 'https://github.com/rvagg/nan',
503 silly install resolved     _id: 'nan@1.1.2',
503 silly install resolved     dist:
503 silly install resolved      { shasum: 'bbd48552fc0758673ebe8fada360b60278a6636b',
503 silly install resolved        tarball: 'http://registry.npmjs.org/nan/-/nan-1.1.2.tgz' },
503 silly install resolved     _from: 'nan@1.1.2',
503 silly install resolved     _npmVersion: '1.4.3',
503 silly install resolved     _npmUser: { name: 'rvagg', email: 'rod@vagg.org' },
503 silly install resolved     maintainers: [ [Object] ],
503 silly install resolved     directories: {},
503 silly install resolved     _shasum: 'bbd48552fc0758673ebe8fada360b60278a6636b',
503 silly install resolved     _resolved: 'https://registry.npmjs.org/nan/-/nan-1.1.2.tgz',
503 silly install resolved     readme: 'ERROR: No README data found!' } ]
504 info install bindings@1.1.1 into c:\Projects\fermat-org\api-server\node_modules\libxmljs
505 info install nan@1.1.2 into c:\Projects\fermat-org\api-server\node_modules\libxmljs
506 info installOne bindings@1.1.1
507 verbose installOne of bindings to c:\Projects\fermat-org\api-server\node_modules\libxmljs not in flight; installing
508 info installOne nan@1.1.2
509 verbose installOne of nan to c:\Projects\fermat-org\api-server\node_modules\libxmljs not in flight; installing
510 verbose lock using C:\Users\German\AppData\Roaming\npm-cache\_locks\bindings-656e8ca0804c09d5.lock for c:\Projects\fermat-org\api-server\node_modules\libxmljs\node_modules\bindings
511 verbose lock using C:\Users\German\AppData\Roaming\npm-cache\_locks\nan-b715dc2c2f83229e.lock for c:\Projects\fermat-org\api-server\node_modules\libxmljs\node_modules\nan
512 silly install write writing bindings 1.1.1 to c:\Projects\fermat-org\api-server\node_modules\libxmljs\node_modules\bindings
513 silly install write writing nan 1.1.2 to c:\Projects\fermat-org\api-server\node_modules\libxmljs\node_modules\nan
514 verbose unbuild node_modules\libxmljs\node_modules\bindings
515 verbose unbuild node_modules\libxmljs\node_modules\nan
516 silly gentlyRm c:\Projects\fermat-org\api-server\node_modules\libxmljs\node_modules\bindings is being purged from base c:\Projects\fermat-org\api-server
517 verbose gentlyRm don't care about contents; nuking c:\Projects\fermat-org\api-server\node_modules\libxmljs\node_modules\bindings
518 verbose tar unpack C:\Users\German\AppData\Roaming\npm-cache\bindings\1.1.1\package.tgz
519 verbose tar unpacking to c:\Projects\fermat-org\api-server\node_modules\libxmljs\node_modules\bindings
520 silly gentlyRm c:\Projects\fermat-org\api-server\node_modules\libxmljs\node_modules\bindings is being purged
521 verbose gentlyRm don't care about contents; nuking c:\Projects\fermat-org\api-server\node_modules\libxmljs\node_modules\bindings
522 silly gentlyRm c:\Projects\fermat-org\api-server\node_modules\libxmljs\node_modules\nan is being purged from base c:\Projects\fermat-org\api-server
523 verbose gentlyRm don't care about contents; nuking c:\Projects\fermat-org\api-server\node_modules\libxmljs\node_modules\nan
524 silly gunzTarPerm modes [ '777', '666' ]
525 verbose tar unpack C:\Users\German\AppData\Roaming\npm-cache\nan\1.1.2\package.tgz
526 verbose tar unpacking to c:\Projects\fermat-org\api-server\node_modules\libxmljs\node_modules\nan
527 silly gentlyRm c:\Projects\fermat-org\api-server\node_modules\libxmljs\node_modules\nan is being purged
528 verbose gentlyRm don't care about contents; nuking c:\Projects\fermat-org\api-server\node_modules\libxmljs\node_modules\nan
529 silly gunzTarPerm modes [ '777', '666' ]
530 silly gunzTarPerm extractEntry package.json
531 silly gunzTarPerm modified mode [ 'package.json', 420, 438 ]
532 silly gunzTarPerm extractEntry package.json
533 silly gunzTarPerm modified mode [ 'package.json', 420, 438 ]
534 silly gunzTarPerm extractEntry README.md
535 silly gunzTarPerm modified mode [ 'README.md', 420, 438 ]
536 silly gunzTarPerm extractEntry bindings.js
537 silly gunzTarPerm modified mode [ 'bindings.js', 420, 438 ]
538 silly gunzTarPerm extractEntry README.md
539 silly gunzTarPerm modified mode [ 'README.md', 420, 438 ]
540 silly gunzTarPerm extractEntry LICENSE
541 silly gunzTarPerm modified mode [ 'LICENSE', 420, 438 ]
542 silly gunzTarPerm extractEntry include_dirs.js
543 silly gunzTarPerm modified mode [ 'include_dirs.js', 420, 438 ]
544 silly gunzTarPerm extractEntry .dntrc
545 silly gunzTarPerm modified mode [ '.dntrc', 420, 438 ]
546 silly gunzTarPerm extractEntry build/config.gypi
547 silly gunzTarPerm modified mode [ 'build/config.gypi', 420, 438 ]
548 silly gunzTarPerm extractEntry nan.h
549 silly gunzTarPerm modified mode [ 'nan.h', 420, 438 ]
550 verbose write writing to c:\Projects\fermat-org\api-server\node_modules\libxmljs\node_modules\bindings\package.json
551 info preinstall bindings@1.1.1
552 verbose readDependencies loading dependencies from c:\Projects\fermat-org\api-server\node_modules\libxmljs\node_modules\bindings\package.json
553 verbose readDependencies loading dependencies from c:\Projects\fermat-org\api-server\node_modules\libxmljs\node_modules\bindings\package.json
554 silly install resolved []
555 verbose about to build c:\Projects\fermat-org\api-server\node_modules\libxmljs\node_modules\bindings
556 info build c:\Projects\fermat-org\api-server\node_modules\libxmljs\node_modules\bindings
557 verbose write writing to c:\Projects\fermat-org\api-server\node_modules\libxmljs\node_modules\nan\package.json
558 info linkStuff bindings@1.1.1
559 silly linkStuff bindings@1.1.1 has c:\Projects\fermat-org\api-server\node_modules\libxmljs\node_modules as its parent node_modules
560 info preinstall nan@1.1.2
561 verbose linkBins bindings@1.1.1
562 verbose linkMans bindings@1.1.1
563 verbose rebuildBundles bindings@1.1.1
564 info install bindings@1.1.1
565 verbose readDependencies loading dependencies from c:\Projects\fermat-org\api-server\node_modules\libxmljs\node_modules\nan\package.json
566 info postinstall bindings@1.1.1
567 verbose readDependencies loading dependencies from c:\Projects\fermat-org\api-server\node_modules\libxmljs\node_modules\nan\package.json
568 verbose unlock done using C:\Users\German\AppData\Roaming\npm-cache\_locks\bindings-656e8ca0804c09d5.lock for c:\Projects\fermat-org\api-server\node_modules\libxmljs\node_modules\bindings
569 silly install resolved []
570 verbose about to build c:\Projects\fermat-org\api-server\node_modules\libxmljs\node_modules\nan
571 info build c:\Projects\fermat-org\api-server\node_modules\libxmljs\node_modules\nan
572 info linkStuff nan@1.1.2
573 silly linkStuff nan@1.1.2 has c:\Projects\fermat-org\api-server\node_modules\libxmljs\node_modules as its parent node_modules
574 verbose linkBins nan@1.1.2
575 verbose linkMans nan@1.1.2
576 verbose rebuildBundles nan@1.1.2
577 info install nan@1.1.2
578 info postinstall nan@1.1.2
579 verbose unlock done using C:\Users\German\AppData\Roaming\npm-cache\_locks\nan-b715dc2c2f83229e.lock for c:\Projects\fermat-org\api-server\node_modules\libxmljs\node_modules\nan
580 verbose about to build c:\Projects\fermat-org\api-server\node_modules\libxmljs
581 info build c:\Projects\fermat-org\api-server\node_modules\libxmljs
582 info linkStuff libxmljs@0.12.0
583 silly linkStuff libxmljs@0.12.0 has c:\Projects\fermat-org\api-server\node_modules as its parent node_modules
584 verbose linkBins libxmljs@0.12.0
585 verbose linkMans libxmljs@0.12.0
586 verbose rebuildBundles libxmljs@0.12.0
587 verbose rebuildBundles [ 'bindings', 'nan' ]
588 info install libxmljs@0.12.0
589 verbose unsafe-perm in lifecycle true
590 info libxmljs@0.12.0 Failed to exec install script
591 verbose unlock done using C:\Users\German\AppData\Roaming\npm-cache\_locks\libxmljs-9cfff9b5d0983c0c.lock for c:\Projects\fermat-org\api-server\node_modules\libxmljs
592 verbose stack Error: libxmljs@0.12.0 install: `node-gyp rebuild`
592 verbose stack Exit status 1
592 verbose stack     at EventEmitter.<anonymous> (C:\Users\German\AppData\Roaming\npm\node_modules\npm\lib\utils\lifecycle.js:213:16)
592 verbose stack     at emitTwo (events.js:87:13)
592 verbose stack     at EventEmitter.emit (events.js:172:7)
592 verbose stack     at ChildProcess.<anonymous> (C:\Users\German\AppData\Roaming\npm\node_modules\npm\lib\utils\spawn.js:24:14)
592 verbose stack     at emitTwo (events.js:87:13)
592 verbose stack     at ChildProcess.emit (events.js:172:7)
592 verbose stack     at maybeClose (internal/child_process.js:827:16)
592 verbose stack     at Process.ChildProcess._handle.onexit (internal/child_process.js:211:5)
593 verbose pkgid libxmljs@0.12.0
594 verbose cwd c:\Projects\fermat-org\api-server
595 error Windows_NT 6.1.7600
596 error argv "c:\\Program Files (x86)\\nodejs\\node.exe" "C:\\Users\\German\\AppData\\Roaming\\npm\\node_modules\\npm\\bin\\npm-cli.js" "install" "libxmljs@0.12.0"
597 error node v4.4.2
598 error npm  v2.9.0
599 error code ELIFECYCLE
600 error libxmljs@0.12.0 install: `node-gyp rebuild`
600 error Exit status 1
601 error Failed at the libxmljs@0.12.0 install script 'node-gyp rebuild'.
601 error This is most likely a problem with the libxmljs package,
601 error not with npm itself.
601 error Tell the author that this fails on your system:
601 error     node-gyp rebuild
601 error You can get their info via:
601 error     npm owner ls libxmljs
601 error There is likely additional logging output above.
602 verbose exit [ 1, true ]
603 verbose unbuild node_modules\libxmljs
604 info preuninstall libxmljs@0.12.0
605 info uninstall libxmljs@0.12.0
606 verbose unbuild rmStuff libxmljs@0.12.0 from c:\Projects\fermat-org\api-server\node_modules
607 info postuninstall libxmljs@0.12.0
608 silly gentlyRm c:\Projects\fermat-org\api-server\node_modules\libxmljs is being purged from base c:\Projects\fermat-org\api-server
609 verbose gentlyRm don't care about contents; nuking c:\Projects\fermat-org\api-server\node_modules\libxmljs
610 silly vacuum-fs purging c:\Projects\fermat-org\api-server\node_modules\libxmljs
611 silly vacuum-fs quitting because other entries in c:\Projects\fermat-org\api-server\node_modules
